<?xml version="1.0" encoding="UTF-8"?>
<testng-results ignored="0" total="1" passed="1" failed="0" skipped="0">
  <reporter-output>
  </reporter-output>
  <suite started-at="2020-08-23T19:54:52 IST" name="Default suite" finished-at="2020-08-23T19:55:03 IST" duration-ms="10513">
    <groups>
    </groups>
    <test started-at="2020-08-23T19:54:52 IST" name="Default test" finished-at="2020-08-23T19:55:03 IST" duration-ms="10513">
      <class name="com.qa.has.tests.LoginTest">
        <test-method signature="loginTest()[pri:0, instance:com.qa.has.tests.LoginTest@7d3a22a9]" started-at="2020-08-23T19:54:52 IST" name="loginTest" finished-at="2020-08-23T19:55:03 IST" duration-ms="10482" status="PASS">
          <reporter-output>
          </reporter-output>
        </test-method> <!-- loginTest -->
      </class> <!-- com.qa.has.tests.LoginTest -->
    </test> <!-- Default test -->
  </suite> <!-- Default suite -->
</testng-results>
