<?xml version="1.0" encoding="UTF-8"?>
<testng-results ignored="1" total="3" passed="2" failed="0" skipped="0">
  <reporter-output>
  </reporter-output>
  <suite started-at="2020-07-03T11:24:02 IST" name="Default suite" finished-at="2020-07-03T11:24:02 IST" duration-ms="41">
    <groups>
    </groups>
    <test started-at="2020-07-03T11:24:02 IST" name="Default test" finished-at="2020-07-03T11:24:02 IST" duration-ms="41">
      <class name="com.tieto.test.DemoTest">
        <test-method signature="invalidData(java.lang.String, java.lang.String, java.lang.String, java.lang.String)[pri:0, instance:com.tieto.test.DemoTest@2133814f]" started-at="2020-07-03T11:24:02 IST" name="invalidData" data-provider="invalidData" finished-at="2020-07-03T11:24:02 IST" duration-ms="5" status="PASS">
          <params>
            <param index="0">
              <value>
                <![CDATA[john]]>
              </value>
            </param>
            <param index="1">
              <value>
                <![CDATA[john123]]>
              </value>
            </param>
            <param index="2">
              <value>
                <![CDATA[American]]>
              </value>
            </param>
            <param index="3">
              <value>
                <![CDATA[nvalid username or password]]>
              </value>
            </param>
          </params>
          <reporter-output>
          </reporter-output>
        </test-method> <!-- invalidData -->
        <test-method signature="invalidData(java.lang.String, java.lang.String, java.lang.String, java.lang.String)[pri:0, instance:com.tieto.test.DemoTest@2133814f]" started-at="2020-07-03T11:24:02 IST" name="invalidData" data-provider="invalidData" finished-at="2020-07-03T11:24:02 IST" duration-ms="1" status="PASS">
          <params>
            <param index="0">
              <value>
                <![CDATA[peter]]>
              </value>
            </param>
            <param index="1">
              <value>
                <![CDATA[peter123]]>
              </value>
            </param>
            <param index="2">
              <value>
                <![CDATA[paul]]>
              </value>
            </param>
            <param index="3">
              <value>
                <![CDATA[nvalid username or password]]>
              </value>
            </param>
          </params>
          <reporter-output>
          </reporter-output>
        </test-method> <!-- invalidData -->
      </class> <!-- com.tieto.test.DemoTest -->
    </test> <!-- Default test -->
  </suite> <!-- Default suite -->
</testng-results>
