<?xml version="1.0" encoding="UTF-8"?>
<!-- Generated by org.testng.reporters.JUnitXMLReporter -->
<testsuite ignored="1" hostname="WL361485" failures="0" tests="2" name="Default test" time="0.041" errors="0" timestamp="2020-07-03T11:24:02 IST">
  <testcase classname="com.tieto.test.DemoTest" name="invalidData" time="0.005"/>
  <testcase classname="com.tieto.test.DemoTest" name="invalidData" time="0.001"/>
  <testcase classname="com.tieto.test.DemoTest" name="fillformTest" time="0.0">
    <ignored/>
  </testcase> <!-- fillformTest -->
</testsuite> <!-- Default test -->
