<?xml version="1.0" encoding="UTF-8"?>
<!-- Generated by org.testng.reporters.JUnitXMLReporter -->
<testsuite ignored="0" hostname="WL361485" failures="0" tests="3" name="Login Test CH" time="31.778" errors="0" timestamp="2020-07-02T20:59:06 IST">
  <testcase classname="com.tieto.test.LoginTest" name="linkCount" time="0.034"/>
  <testcase classname="com.tieto.test.LoginTest" name="validCrentialTest" time="5.682"/>
  <testcase classname="com.tieto.test.LoginTest" name="invalidCrentialTest" time="2.479"/>
</testsuite> <!-- Login Test CH -->
