<?xml version="1.0" encoding="UTF-8"?>
<!-- Generated by org.testng.reporters.JUnitXMLReporter -->
<testsuite ignored="0" hostname="WL361485" failures="0" tests="3" name="Login Test" time="29.792" errors="0" timestamp="2020-07-02T20:58:35 IST">
  <testcase classname="com.tieto.test.LoginTest" name="linkCount" time="0.049"/>
  <testcase classname="com.tieto.test.LoginTest" name="validCrentialTest" time="4.087"/>
  <testcase classname="com.tieto.test.LoginTest" name="invalidCrentialTest" time="2.331"/>
</testsuite> <!-- Login Test -->
