<?xml version="1.0" encoding="UTF-8"?>
<!-- Generated by org.testng.reporters.JUnitXMLReporter -->
<testsuite ignored="0" hostname="WL361485" failures="1" tests="1" name="Patient Test" time="7.886" errors="0" timestamp="2020-07-02T20:59:14 IST">
  <testcase classname="com.tieto.test.AddPatientTest" name="createPatientTest" time="0.001">
    <failure type="java.lang.NullPointerException">
      <![CDATA[java.lang.NullPointerException
at com.tieto.test.AddPatientTest.createPatientTest(AddPatientTest.java:18)
at java.base/java.util.ArrayList.forEach(ArrayList.java:1510)
... Removed 27 stack frames]]>
    </failure>
  </testcase> <!-- createPatientTest -->
</testsuite> <!-- Patient Test -->
